cl : befehlszeile warning D9035: Die Option "Gm" ist veraltet und wird in einer der nächsten Versionen entfernt.
  ISIInternalsDump.cpp
  Utils.cpp
  rFactor2SharedMemoryMap.cpp
  DirectMemoryReader.cpp
  Code wird generiert...
DirectMemoryReader.obj : warning LNK4075: /EDITANDCONTINUE wird aufgrund der Angabe von /SAFESEH ignoriert.
     Bibliothek "Win32\Debug\rFactor2SharedMemoryMapPlugin32.lib" und Objekt "Win32\Debug\rFactor2SharedMemoryMapPlugin32.exp" werden erstellt.
rFactor2SharedMemoryMap.obj : error LNK2019: Verweis auf nicht aufgelöstes externes Symbol "_napi_get_last_error_info" in Funktion ""public: static class Napi::Error __cdecl Napi::Error::New(struct napi_env__ *)" (?New@Error@Napi@@SA?AV12@PAUnapi_env__@@@Z)".
rFactor2SharedMemoryMap.obj : error LNK2019: Verweis auf nicht aufgelöstes externes Symbol "_napi_create_object" in Funktion ""public: static class Napi::Object __cdecl Napi::Object::New(struct napi_env__ *)" (?New@Object@Napi@@SA?AV12@PAUnapi_env__@@@Z)".
rFactor2SharedMemoryMap.obj : error LNK2019: Verweis auf nicht aufgelöstes externes Symbol "_napi_create_double" in Funktion ""public: static class Napi::Number __cdecl Napi::Number::New(struct napi_env__ *,double)" (?New@Number@Napi@@SA?AV12@PAUnapi_env__@@N@Z)".
rFactor2SharedMemoryMap.obj : error LNK2019: Verweis auf nicht aufgelöstes externes Symbol "_napi_create_string_utf8" in Funktion ""public: static class Napi::Error __cdecl Napi::Error::New(struct napi_env__ *)" (?New@Error@Napi@@SA?AV12@PAUnapi_env__@@@Z)".
rFactor2SharedMemoryMap.obj : error LNK2019: Verweis auf nicht aufgelöstes externes Symbol "_napi_create_function" in Funktion ""enum napi_status __cdecl Napi::CreateFunction<struct Napi::details::CallbackData<class Napi::Number (__cdecl*)(class Napi::CallbackInfo const &),class Napi::Number> >(struct napi_env__ *,char const *,struct napi_value__ * (__cdecl*)(struct napi_env__ *,struct napi_callback_info__ *),struct Napi::details::CallbackData<class Napi::Number (__cdecl*)(class Napi::CallbackInfo const &),class Napi::Number> *,struct napi_value__ * *)" (??$CreateFunction@U?$CallbackData@P6A?AVNumber@Napi@@ABVCallbackInfo@2@@ZV12@@details@Napi@@@Napi@@YA?AW4napi_status@@PAUnapi_env__@@PBDP6APAUnapi_value__@@0PAUnapi_callback_info__@@@ZPAU?$CallbackData@P6A?AVNumber@Napi@@ABVCallbackInfo@2@@ZV12@@details@0@PAPAU3@@Z)".
rFactor2SharedMemoryMap.obj : error LNK2019: Verweis auf nicht aufgelöstes externes Symbol "_napi_create_error" in Funktion ""public: static class Napi::Error __cdecl Napi::Error::New(struct napi_env__ *)" (?New@Error@Napi@@SA?AV12@PAUnapi_env__@@@Z)".
rFactor2SharedMemoryMap.obj : error LNK2019: Verweis auf nicht aufgelöstes externes Symbol "_napi_create_type_error" in Funktion ""public: static class Napi::Error __cdecl Napi::Error::New(struct napi_env__ *)" (?New@Error@Napi@@SA?AV12@PAUnapi_env__@@@Z)".
rFactor2SharedMemoryMap.obj : error LNK2019: Verweis auf nicht aufgelöstes externes Symbol "_napi_get_value_string_utf8" in Funktion ""public: class std::basic_string<char,struct std::char_traits<char>,class std::allocator<char> > __thiscall Napi::String::Utf8Value(void)const " (?Utf8Value@String@Napi@@QBE?AV?$basic_string@DU?$char_traits@D@std@@V?$allocator@D@2@@std@@XZ)".
rFactor2SharedMemoryMap.obj : error LNK2019: Verweis auf nicht aufgelöstes externes Symbol "_napi_set_named_property" in Funktion ""public: void __thiscall Napi::Object::Set<class Napi::Function>(char const *,class Napi::Function const &)" (??$Set@VFunction@Napi@@@Object@Napi@@QAEXPBDABVFunction@1@@Z)".
rFactor2SharedMemoryMap.obj : error LNK2019: Verweis auf nicht aufgelöstes externes Symbol "_napi_get_named_property" in Funktion ""public: class Napi::Value __thiscall Napi::Object::Get(char const *)const " (?Get@Object@Napi@@QBE?AVValue@2@PBD@Z)".
rFactor2SharedMemoryMap.obj : error LNK2019: Verweis auf nicht aufgelöstes externes Symbol "_napi_get_cb_info" in Funktion ""public: __thiscall Napi::CallbackInfo::CallbackInfo(struct napi_env__ *,struct napi_callback_info__ *)" (??0CallbackInfo@Napi@@QAE@PAUnapi_env__@@PAUnapi_callback_info__@@@Z)".
rFactor2SharedMemoryMap.obj : error LNK2019: Verweis auf nicht aufgelöstes externes Symbol "_napi_create_reference" in Funktion ""protected: __thiscall Napi::Reference<class Napi::Object>::Reference<class Napi::Object>(class Napi::Reference<class Napi::Object> const &)" (??0?$Reference@VObject@Napi@@@Napi@@IAE@ABV01@@Z)".
rFactor2SharedMemoryMap.obj : error LNK2019: Verweis auf nicht aufgelöstes externes Symbol "_napi_delete_reference" in Funktion ""public: __thiscall Napi::Reference<class Napi::Object>::~Reference<class Napi::Object>(void)" (??1?$Reference@VObject@Napi@@@Napi@@QAE@XZ)".
rFactor2SharedMemoryMap.obj : error LNK2019: Verweis auf nicht aufgelöstes externes Symbol "_napi_get_reference_value" in Funktion ""public: class Napi::Object __thiscall Napi::Reference<class Napi::Object>::Value(void)const " (?Value@?$Reference@VObject@Napi@@@Napi@@QBE?AVObject@2@XZ)".
rFactor2SharedMemoryMap.obj : error LNK2019: Verweis auf nicht aufgelöstes externes Symbol "_napi_open_handle_scope" in Funktion ""public: __thiscall Napi::HandleScope::HandleScope(class Napi::Env)" (??0HandleScope@Napi@@QAE@VEnv@1@@Z)".
rFactor2SharedMemoryMap.obj : error LNK2019: Verweis auf nicht aufgelöstes externes Symbol "_napi_close_handle_scope" in Funktion ""public: __thiscall Napi::HandleScope::~HandleScope(void)" (??1HandleScope@Napi@@QAE@XZ)".
rFactor2SharedMemoryMap.obj : error LNK2019: Verweis auf nicht aufgelöstes externes Symbol "_napi_open_escapable_handle_scope" in Funktion ""public: __thiscall Napi::EscapableHandleScope::EscapableHandleScope(class Napi::Env)" (??0EscapableHandleScope@Napi@@QAE@VEnv@1@@Z)".
rFactor2SharedMemoryMap.obj : error LNK2019: Verweis auf nicht aufgelöstes externes Symbol "_napi_close_escapable_handle_scope" in Funktion ""public: __thiscall Napi::EscapableHandleScope::~EscapableHandleScope(void)" (??1EscapableHandleScope@Napi@@QAE@XZ)".
rFactor2SharedMemoryMap.obj : error LNK2019: Verweis auf nicht aufgelöstes externes Symbol "_napi_escape_handle" in Funktion ""public: class Napi::Value __thiscall Napi::EscapableHandleScope::Escape(struct napi_value__ *)" (?Escape@EscapableHandleScope@Napi@@QAE?AVValue@2@PAUnapi_value__@@@Z)".
rFactor2SharedMemoryMap.obj : error LNK2019: Verweis auf nicht aufgelöstes externes Symbol "_napi_throw" in Funktion ""public: void __thiscall Napi::Error::ThrowAsJavaScriptException(void)const " (?ThrowAsJavaScriptException@Error@Napi@@QBEXXZ)".
rFactor2SharedMemoryMap.obj : error LNK2019: Verweis auf nicht aufgelöstes externes Symbol "_napi_is_exception_pending" in Funktion ""public: static class Napi::Error __cdecl Napi::Error::New(struct napi_env__ *)" (?New@Error@Napi@@SA?AV12@PAUnapi_env__@@@Z)".
rFactor2SharedMemoryMap.obj : error LNK2019: Verweis auf nicht aufgelöstes externes Symbol "_napi_get_and_clear_last_exception" in Funktion ""public: static class Napi::Error __cdecl Napi::Error::New(struct napi_env__ *)" (?New@Error@Napi@@SA?AV12@PAUnapi_env__@@@Z)".
rFactor2SharedMemoryMap.obj : error LNK2019: Verweis auf nicht aufgelöstes externes Symbol "_napi_add_finalizer" in Funktion ""enum napi_status __cdecl Napi::details::AttachData<struct Napi::details::CallbackData<class Napi::Number (__cdecl*)(class Napi::CallbackInfo const &),class Napi::Number> >(struct napi_env__ *,struct napi_value__ *,struct Napi::details::CallbackData<class Napi::Number (__cdecl*)(class Napi::CallbackInfo const &),class Napi::Number> *,void (__cdecl*)(struct napi_env__ *,void *,void *),void *)" (??$AttachData@U?$CallbackData@P6A?AVNumber@Napi@@ABVCallbackInfo@2@@ZV12@@details@Napi@@@details@Napi@@YA?AW4napi_status@@PAUnapi_env__@@PAUnapi_value__@@PAU?$CallbackData@P6A?AVNumber@Napi@@ABVCallbackInfo@2@@ZV12@@01@P6AX0PAX3@Z3@Z)".
rFactor2SharedMemoryMap.obj : error LNK2019: Verweis auf nicht aufgelöstes externes Symbol "_napi_module_register" in Funktion "__register_NODE_GYP_MODULE_NAME".
rFactor2SharedMemoryMap.obj : error LNK2019: Verweis auf nicht aufgelöstes externes Symbol "_napi_fatal_error" in Funktion ""public: static void __cdecl Napi::Error::Fatal(char const *,char const *)" (?Fatal@Error@Napi@@SAXPBD0@Z)".
rFactor2SharedMemoryMap.obj : error LNK2019: Verweis auf nicht aufgelöstes externes Symbol "__CrtDbgReport" in Funktion ""void * __cdecl std::_Allocate_manually_vector_aligned<struct std::_Default_allocate_traits>(unsigned int)" (??$_Allocate_manually_vector_aligned@U_Default_allocate_traits@std@@@std@@YAPAXI@Z)".
C:\\Users\\Markus\\AppData\\Local\\node-gyp\\Cache\\14.15.3\\x64\\node.lib : warning LNK4272: Bibliothekcomputertyp "x64" steht in Konflikt mit dem Zielcomputertyp "x86"
Win32\Debug\rFactor2SharedMemoryMapPlugin32.dll : fatal error LNK1120: 26 nicht aufgelöste Externe
