  log.cpp
  scs_gameplay_event_handlers.cpp
D:\Downloads\scs-sdk-plugin-master\scs-telemetry\src\scs_gameplay_event_handlers.cpp(189,5): warning C4996: 'strncpy': This function or variable may be unsafe. Consider using strncpy_s instead. To disable deprecation, use _CRT_SECURE_NO_WARNINGS. See online help for details.
D:\Downloads\scs-sdk-plugin-master\scs-telemetry\src\scs_gameplay_event_handlers.cpp(226,5): warning C4996: 'strncpy': This function or variable may be unsafe. Consider using strncpy_s instead. To disable deprecation, use _CRT_SECURE_NO_WARNINGS. See online help for details.
D:\Downloads\scs-sdk-plugin-master\scs-telemetry\src\scs_gameplay_event_handlers.cpp(232,5): warning C4996: 'strncpy': This function or variable may be unsafe. Consider using strncpy_s instead. To disable deprecation, use _CRT_SECURE_NO_WARNINGS. See online help for details.
D:\Downloads\scs-sdk-plugin-master\scs-telemetry\src\scs_gameplay_event_handlers.cpp(238,5): warning C4996: 'strncpy': This function or variable may be unsafe. Consider using strncpy_s instead. To disable deprecation, use _CRT_SECURE_NO_WARNINGS. See online help for details.
D:\Downloads\scs-sdk-plugin-master\scs-telemetry\src\scs_gameplay_event_handlers.cpp(244,5): warning C4996: 'strncpy': This function or variable may be unsafe. Consider using strncpy_s instead. To disable deprecation, use _CRT_SECURE_NO_WARNINGS. See online help for details.
D:\Downloads\scs-sdk-plugin-master\scs-telemetry\src\scs_gameplay_event_handlers.cpp(262,5): warning C4996: 'strncpy': This function or variable may be unsafe. Consider using strncpy_s instead. To disable deprecation, use _CRT_SECURE_NO_WARNINGS. See online help for details.
D:\Downloads\scs-sdk-plugin-master\scs-telemetry\src\scs_gameplay_event_handlers.cpp(268,5): warning C4996: 'strncpy': This function or variable may be unsafe. Consider using strncpy_s instead. To disable deprecation, use _CRT_SECURE_NO_WARNINGS. See online help for details.
D:\Downloads\scs-sdk-plugin-master\scs-telemetry\src\scs_gameplay_event_handlers.cpp(274,5): warning C4996: 'strncpy': This function or variable may be unsafe. Consider using strncpy_s instead. To disable deprecation, use _CRT_SECURE_NO_WARNINGS. See online help for details.
D:\Downloads\scs-sdk-plugin-master\scs-telemetry\src\scs_gameplay_event_handlers.cpp(280,5): warning C4996: 'strncpy': This function or variable may be unsafe. Consider using strncpy_s instead. To disable deprecation, use _CRT_SECURE_NO_WARNINGS. See online help for details.
  scs_telemetry.cpp
  scs_config_handlers.cpp
D:\Downloads\scs-sdk-plugin-master\scs-telemetry\src\scs_config_handlers.cpp(201,9): warning C4996: 'strncpy': This function or variable may be unsafe. Consider using strncpy_s instead. To disable deprecation, use _CRT_SECURE_NO_WARNINGS. See online help for details.
D:\Downloads\scs-sdk-plugin-master\scs-telemetry\src\scs_config_handlers.cpp(212,5): warning C4996: 'strncpy': This function or variable may be unsafe. Consider using strncpy_s instead. To disable deprecation, use _CRT_SECURE_NO_WARNINGS. See online help for details.
D:\Downloads\scs-sdk-plugin-master\scs-telemetry\src\scs_config_handlers.cpp(255,5): warning C4996: 'strncpy': This function or variable may be unsafe. Consider using strncpy_s instead. To disable deprecation, use _CRT_SECURE_NO_WARNINGS. See online help for details.
D:\Downloads\scs-sdk-plugin-master\scs-telemetry\src\scs_config_handlers.cpp(259,5): warning C4996: 'strncpy': This function or variable may be unsafe. Consider using strncpy_s instead. To disable deprecation, use _CRT_SECURE_NO_WARNINGS. See online help for details.
D:\Downloads\scs-sdk-plugin-master\scs-telemetry\src\scs_config_handlers.cpp(263,5): warning C4996: 'strncpy': This function or variable may be unsafe. Consider using strncpy_s instead. To disable deprecation, use _CRT_SECURE_NO_WARNINGS. See online help for details.
D:\Downloads\scs-sdk-plugin-master\scs-telemetry\src\scs_config_handlers.cpp(267,5): warning C4996: 'strncpy': This function or variable may be unsafe. Consider using strncpy_s instead. To disable deprecation, use _CRT_SECURE_NO_WARNINGS. See online help for details.
D:\Downloads\scs-sdk-plugin-master\scs-telemetry\src\scs_config_handlers.cpp(425,5): warning C4996: 'strncpy': This function or variable may be unsafe. Consider using strncpy_s instead. To disable deprecation, use _CRT_SECURE_NO_WARNINGS. See online help for details.
D:\Downloads\scs-sdk-plugin-master\scs-telemetry\src\scs_config_handlers.cpp(429,5): warning C4996: 'strncpy': This function or variable may be unsafe. Consider using strncpy_s instead. To disable deprecation, use _CRT_SECURE_NO_WARNINGS. See online help for details.
D:\Downloads\scs-sdk-plugin-master\scs-telemetry\src\scs_config_handlers.cpp(433,5): warning C4996: 'strncpy': This function or variable may be unsafe. Consider using strncpy_s instead. To disable deprecation, use _CRT_SECURE_NO_WARNINGS. See online help for details.
D:\Downloads\scs-sdk-plugin-master\scs-telemetry\src\scs_config_handlers.cpp(439,5): warning C4996: 'strncpy': This function or variable may be unsafe. Consider using strncpy_s instead. To disable deprecation, use _CRT_SECURE_NO_WARNINGS. See online help for details.
D:\Downloads\scs-sdk-plugin-master\scs-telemetry\src\scs_config_handlers.cpp(443,5): warning C4996: 'strncpy': This function or variable may be unsafe. Consider using strncpy_s instead. To disable deprecation, use _CRT_SECURE_NO_WARNINGS. See online help for details.
D:\Downloads\scs-sdk-plugin-master\scs-telemetry\src\scs_config_handlers.cpp(515,5): warning C4996: 'strncpy': This function or variable may be unsafe. Consider using strncpy_s instead. To disable deprecation, use _CRT_SECURE_NO_WARNINGS. See online help for details.
D:\Downloads\scs-sdk-plugin-master\scs-telemetry\src\scs_config_handlers.cpp(519,5): warning C4996: 'strncpy': This function or variable may be unsafe. Consider using strncpy_s instead. To disable deprecation, use _CRT_SECURE_NO_WARNINGS. See online help for details.
D:\Downloads\scs-sdk-plugin-master\scs-telemetry\src\scs_config_handlers.cpp(523,5): warning C4996: 'strncpy': This function or variable may be unsafe. Consider using strncpy_s instead. To disable deprecation, use _CRT_SECURE_NO_WARNINGS. See online help for details.
D:\Downloads\scs-sdk-plugin-master\scs-telemetry\src\scs_config_handlers.cpp(527,5): warning C4996: 'strncpy': This function or variable may be unsafe. Consider using strncpy_s instead. To disable deprecation, use _CRT_SECURE_NO_WARNINGS. See online help for details.
D:\Downloads\scs-sdk-plugin-master\scs-telemetry\src\scs_config_handlers.cpp(531,5): warning C4996: 'strncpy': This function or variable may be unsafe. Consider using strncpy_s instead. To disable deprecation, use _CRT_SECURE_NO_WARNINGS. See online help for details.
D:\Downloads\scs-sdk-plugin-master\scs-telemetry\src\scs_config_handlers.cpp(535,5): warning C4996: 'strncpy': This function or variable may be unsafe. Consider using strncpy_s instead. To disable deprecation, use _CRT_SECURE_NO_WARNINGS. See online help for details.
D:\Downloads\scs-sdk-plugin-master\scs-telemetry\src\scs_config_handlers.cpp(539,5): warning C4996: 'strncpy': This function or variable may be unsafe. Consider using strncpy_s instead. To disable deprecation, use _CRT_SECURE_NO_WARNINGS. See online help for details.
D:\Downloads\scs-sdk-plugin-master\scs-telemetry\src\scs_config_handlers.cpp(544,5): warning C4996: 'strncpy': This function or variable may be unsafe. Consider using strncpy_s instead. To disable deprecation, use _CRT_SECURE_NO_WARNINGS. See online help for details.
D:\Downloads\scs-sdk-plugin-master\scs-telemetry\src\scs_config_handlers.cpp(553,5): warning C4996: 'strncpy': This function or variable may be unsafe. Consider using strncpy_s instead. To disable deprecation, use _CRT_SECURE_NO_WARNINGS. See online help for details.
D:\Downloads\scs-sdk-plugin-master\scs-telemetry\src\scs_config_handlers.cpp(557,5): warning C4996: 'strncpy': This function or variable may be unsafe. Consider using strncpy_s instead. To disable deprecation, use _CRT_SECURE_NO_WARNINGS. See online help for details.
D:\Downloads\scs-sdk-plugin-master\scs-telemetry\src\scs_config_handlers.cpp(565,5): warning C4996: 'strncpy': This function or variable may be unsafe. Consider using strncpy_s instead. To disable deprecation, use _CRT_SECURE_NO_WARNINGS. See online help for details.
D:\Downloads\scs-sdk-plugin-master\scs-telemetry\src\scs_config_handlers.cpp(569,5): warning C4996: 'strncpy': This function or variable may be unsafe. Consider using strncpy_s instead. To disable deprecation, use _CRT_SECURE_NO_WARNINGS. See online help for details.
D:\Downloads\scs-sdk-plugin-master\scs-telemetry\src\scs_config_handlers.cpp(573,5): warning C4996: 'strncpy': This function or variable may be unsafe. Consider using strncpy_s instead. To disable deprecation, use _CRT_SECURE_NO_WARNINGS. See online help for details.
D:\Downloads\scs-sdk-plugin-master\scs-telemetry\src\scs_config_handlers.cpp(577,5): warning C4996: 'strncpy': This function or variable may be unsafe. Consider using strncpy_s instead. To disable deprecation, use _CRT_SECURE_NO_WARNINGS. See online help for details.
D:\Downloads\scs-sdk-plugin-master\scs-telemetry\src\scs_config_handlers.cpp(582,5): warning C4996: 'strncpy': This function or variable may be unsafe. Consider using strncpy_s instead. To disable deprecation, use _CRT_SECURE_NO_WARNINGS. See online help for details.
D:\Downloads\scs-sdk-plugin-master\scs-telemetry\src\scs_config_handlers.cpp(586,5): warning C4996: 'strncpy': This function or variable may be unsafe. Consider using strncpy_s instead. To disable deprecation, use _CRT_SECURE_NO_WARNINGS. See online help for details.
D:\Downloads\scs-sdk-plugin-master\scs-telemetry\src\scs_config_handlers.cpp(590,5): warning C4996: 'strncpy': This function or variable may be unsafe. Consider using strncpy_s instead. To disable deprecation, use _CRT_SECURE_NO_WARNINGS. See online help for details.
D:\Downloads\scs-sdk-plugin-master\scs-telemetry\src\scs_config_handlers.cpp(595,5): warning C4996: 'strncpy': This function or variable may be unsafe. Consider using strncpy_s instead. To disable deprecation, use _CRT_SECURE_NO_WARNINGS. See online help for details.
D:\Downloads\scs-sdk-plugin-master\scs-telemetry\src\scs_config_handlers.cpp(611,5): warning C4996: 'strncpy': This function or variable may be unsafe. Consider using strncpy_s instead. To disable deprecation, use _CRT_SECURE_NO_WARNINGS. See online help for details.
  sharedmemory.cpp
     Bibliothek "D:\Downloads\scs-sdk-plugin-master\scs-telemetry\vs2012\Release\scs-telemetry.lib" und Objekt "D:\Downloads\scs-sdk-plugin-master\scs-telemetry\vs2012\Release\scs-telemetry.exp" werden erstellt.
  Code wird generiert.
  Previous IPDB not found, fall back to full compilation.
  All 214 functions were compiled because no usable IPDB/IOBJ from previous compilation was found.
  Codegenerierung ist abgeschlossen.
  scs-telemetry.vcxproj -> D:\Downloads\scs-sdk-plugin-master\scs-telemetry\vs2012\Release\scs-telemetry.dll
